\BOOKMARK [0][-]{chapter*.2}{\376\377\000I\000n\000f\000o\000r\000m\000a\000t\000i\000o\000n\000\040\000a\000n\000d\000\040\000C\000o\000n\000t\000a\000c\000t\000s}{}% 1
\BOOKMARK [0][-]{chapter.1}{\376\377\000A\000p\000p\000r\000o\000x\000i\000m\000a\000t\000i\000o\000n\000\040\000a\000l\000g\000o\000r\000i\000t\000h\000m\000s}{}% 2
\BOOKMARK [1][-]{section.1.1}{\376\377\000A\000p\000p\000r\000o\000x\000i\000m\000a\000t\000i\000o\000n\000\040\000t\000h\000r\000o\000u\000g\000h\000\040\000r\000a\000n\000d\000o\000m\000n\000e\000s\000s}{chapter.1}% 3
\BOOKMARK [2][-]{subsection.1.1.1}{\376\377\000T\000h\000e\000\040\000M\000a\000x\000i\000m\000u\000m\000\040\000C\000u\000t\000\040\000p\000r\000o\000b\000l\000e\000m}{section.1.1}% 4
\BOOKMARK [1][-]{section.1.2}{\376\377\000A\000p\000p\000r\000o\000x\000i\000m\000a\000t\000i\000o\000n\000\040\000t\000h\000r\000o\000u\000g\000h\000\040\000r\000e\000d\000u\000c\000t\000i\000o\000n}{chapter.1}% 5
\BOOKMARK [2][-]{subsection.1.2.1}{\376\377\000T\000h\000e\000\040\000V\000e\000r\000t\000e\000x\000\040\000C\000o\000v\000e\000r\000\040\000p\000r\000o\000b\000l\000e\000m}{section.1.2}% 6
\BOOKMARK [1][-]{section.1.3}{\376\377\000E\000x\000e\000r\000c\000i\000s\000e\000s}{chapter.1}% 7
\BOOKMARK [0][-]{chapter.2}{\376\377\000M\000a\000t\000h\000e\000m\000a\000t\000i\000c\000a\000l\000\040\000P\000r\000o\000g\000r\000a\000m\000m\000i\000n\000g}{}% 8
\BOOKMARK [1][-]{section.2.1}{\376\377\000I\000P\000s\000\040\000a\000n\000d\000\040\000L\000P\000\040\000r\000e\000l\000a\000x\000a\000t\000i\000o\000n}{chapter.2}% 9
\BOOKMARK [1][-]{section.2.2}{\376\377\000I\000n\000t\000e\000g\000r\000a\000l\000i\000t\000y\000\040\000g\000a\000p}{chapter.2}% 10
\BOOKMARK [1][-]{section.2.3}{\376\377\000T\000h\000e\000\040\000S\000e\000t\000\040\000C\000o\000v\000e\000r\000\040\000p\000r\000o\000b\000l\000e\000m}{chapter.2}% 11
\BOOKMARK [1][-]{section.2.4}{\376\377\000T\000h\000e\000\040\000D\000e\000n\000s\000e\000s\000t\000\040\000S\000u\000b\000g\000r\000a\000p\000h\000\040\000p\000r\000o\000b\000l\000e\000m}{chapter.2}% 12
\BOOKMARK [2][-]{subsection.2.4.1}{\376\377\000A\000p\000p\000r\000o\000x\000i\000m\000a\000t\000i\000o\000n\000\040\000t\000h\000r\000o\000u\000g\000h\000\040\000d\000u\000a\000l\000i\000t\000y}{section.2.4}% 13
\BOOKMARK [1][-]{section.2.5}{\376\377\000T\000h\000e\000\040\000U\000n\000i\000q\000u\000e\000\040\000G\000a\000m\000e\000s\000\040\000C\000o\000n\000j\000e\000c\000t\000u\000r\000e}{chapter.2}% 14
\BOOKMARK [0][-]{chapter.3}{\376\377\000M\000e\000t\000r\000i\000c\000\040\000g\000e\000o\000m\000e\000t\000r\000y}{}% 15
\BOOKMARK [1][-]{section.3.1}{\376\377\000M\000e\000t\000r\000i\000c\000s}{chapter.3}% 16
\BOOKMARK [2][-]{subsection.3.1.1}{\376\377\000C\000u\000t\000\040\000m\000e\000t\000r\000i\000c\000s}{section.3.1}% 17
\BOOKMARK [2][-]{subsection.3.1.2}{\376\377\000T\000h\000e\000\040\0001\000\040\000m\000e\000t\000r\000i\000c}{section.3.1}% 18
\BOOKMARK [1][-]{section.3.2}{\376\377\000M\000e\000t\000r\000i\000c\000\040\000r\000e\000l\000a\000x\000a\000t\000i\000o\000n\000s\000\040\000a\000n\000d\000\040\000d\000i\000s\000t\000o\000r\000t\000i\000o\000n\000s}{chapter.3}% 19
\BOOKMARK [2][-]{subsection.3.2.1}{\376\377\000M\000e\000t\000r\000i\000c\000\040\000r\000e\000l\000a\000x\000a\000t\000i\000o\000n\000s}{section.3.2}% 20
\BOOKMARK [2][-]{subsection.3.2.2}{\376\377\000S\000h\000o\000r\000t\000e\000s\000t\000\040\000p\000a\000t\000h\000\040\000m\000e\000t\000r\000i\000c}{section.3.2}% 21
\BOOKMARK [1][-]{section.3.3}{\376\377\000E\000x\000e\000r\000c\000i\000s\000e\000s}{chapter.3}% 22
\BOOKMARK [0][-]{chapter.4}{\376\377\000S\000u\000b\000m\000o\000d\000u\000l\000a\000r\000\040\000o\000p\000t\000i\000m\000i\000z\000a\000t\000i\000o\000n}{}% 23
\BOOKMARK [1][-]{section.4.1}{\376\377\000S\000u\000b\000m\000o\000d\000u\000l\000a\000r\000\040\000f\000u\000n\000c\000t\000i\000o\000n\000s}{chapter.4}% 24
\BOOKMARK [2][-]{subsection.4.1.1}{\376\377\000T\000O\000D\000O}{section.4.1}% 25
\BOOKMARK [1][-]{section.4.2}{\376\377\000P\000r\000o\000p\000e\000r\000t\000y\000\040\000v\000a\000r\000i\000a\000t\000i\000o\000n\000s}{chapter.4}% 26
\BOOKMARK [0][-]{chapter.5}{\376\377\000O\000n\000l\000i\000n\000e\000\040\000a\000l\000g\000o\000r\000i\000t\000h\000m\000s}{}% 27
\BOOKMARK [1][-]{section.5.1}{\376\377\000T\000O\000D\000O}{chapter.5}% 28
